<?xml version="1.0" encoding="UTF-8"?>
<Site BuildName="Win32-mingw32-make"
	BuildStamp="20250926-1912-Experimental"
	Name="ThinkPadX1"
	Generator="ctest-4.1.1"
	CompilerName="C:/msys64/ucrt64/bin/g++.exe"
	CompilerVersion="13.2.0"
	OSName="Windows"
	Hostname="ThinkPadX1"
	OSRelease=" Professional"
	OSVersion=" (Build 19045)"
	OSPlatform="AMD64"
	Is64Bits="1"
	VendorString="GenuineIntel"
	VendorID="Intel Corporation"
	FamilyID="6"
	ModelID="14"
	ModelName=""
	ProcessorCacheSize="-1"
	NumberOfLogicalCPU="8"
	NumberOfPhysicalCPU="4"
	TotalVirtualMemory="31681"
	TotalPhysicalMemory="16134"
	LogicalProcessorsPerPhysical="2"
	ProcessorClockFrequency="2304"
	>
	<Testing>
		<StartDateTime>Sep 28 22:57 Eastern Daylight Time</StartDateTime>
		<StartTestTime>1759114633</StartTestTime>
		<TestList/>
		<EndDateTime>Sep 28 22:57 Eastern Daylight Time</EndDateTime>
		<EndTestTime>1759114633</EndTestTime>
		<ElapsedMinutes>0</ElapsedMinutes>
	</Testing>
</Site>
